<?xml version="1.0" encoding="UTF-8"?>
<!-- Generated by org.testng.reporters.JUnitReportReporter -->
<testsuite skipped="0" hostname="Rahuls-MacBook-Pro.local" name="FrontendUserLoginTest" tests="6" failures="0" timestamp="2020-08-11T19:36:54 IST" time="23.792" errors="0">
  <testcase name="userLogin" time="10.467" classname="FrontendUserLoginTest"/>
  <system-out/>
  <testcase name="userLogin" time="9.431" classname="FrontendUserLoginTest"/>
  <system-out/>
  <testcase name="verifyMenuLinks" time="0.042" classname="FrontendUserLoginTest"/>
  <system-out/>
  <testcase name="verifyMenuLinks" time="0.056" classname="FrontendUserLoginTest"/>
  <system-out/>
  <testcase name="userLogout" time="1.981" classname="FrontendUserLoginTest"/>
  <system-out/>
  <testcase name="userLogout" time="1.815" classname="FrontendUserLoginTest"/>
  <system-out/>
</testsuite> <!-- FrontendUserLoginTest -->
