<?xml version="1.0" encoding="UTF-8"?>
<!-- Generated by org.testng.reporters.JUnitReportReporter -->
<testsuite skipped="0" hostname="Rahuls-MacBook-Pro.local" name="FrontendUserLoginTest" tests="6" failures="0" timestamp="2020-08-12T12:41:14 IST" time="43.569" errors="0">
  <testcase name="userLogin" time="13.198" classname="FrontendUserLoginTest"/>
  <system-out>
User logged in successfully in frontend site  </system-out>
  <testcase name="userLogin" time="26.398" classname="FrontendUserLoginTest"/>
  <system-out>
User logged in successfully in frontend site  </system-out>
  <testcase name="verifyMenuLinks" time="1.154" classname="FrontendUserLoginTest"/>
  <system-out>
Menu links verified under frontend site.  </system-out>
  <testcase name="verifyMenuLinks" time="2.163" classname="FrontendUserLoginTest"/>
  <system-out>
Menu links verified under frontend site.  </system-out>
  <testcase name="userLogout" time="0.567" classname="FrontendUserLoginTest"/>
  <system-out>
User logged out successfully from frontend site.  </system-out>
  <testcase name="userLogout" time="0.089" classname="FrontendUserLoginTest"/>
  <system-out>
User logged out successfully from frontend site.  </system-out>
</testsuite> <!-- FrontendUserLoginTest -->
