<?xml version="1.0" encoding="UTF-8"?>
<!-- Generated by org.testng.reporters.JUnitReportReporter -->
<testsuite skipped="0" hostname="Rahuls-MacBook-Pro.local" name="AdminLoginTest" tests="6" failures="0" timestamp="2020-08-11T19:36:54 IST" time="23.793" errors="0">
  <testcase name="userLogin" time="3.568" classname="AdminLoginTest"/>
  <system-out/>
  <testcase name="userLogin" time="3.360" classname="AdminLoginTest"/>
  <system-out/>
  <testcase name="verifyMenuLinks" time="6.376" classname="AdminLoginTest"/>
  <system-out/>
  <testcase name="verifyMenuLinks" time="6.051" classname="AdminLoginTest"/>
  <system-out/>
  <testcase name="userLogout" time="2.325" classname="AdminLoginTest"/>
  <system-out/>
  <testcase name="userLogout" time="2.113" classname="AdminLoginTest"/>
  <system-out/>
</testsuite> <!-- AdminLoginTest -->
