<?xml version="1.0" encoding="UTF-8"?>
<!-- Generated by org.testng.reporters.JUnitReportReporter -->
<testsuite skipped="0" hostname="Rahuls-MacBook-Pro.local" name="AdminLoginTest" tests="6" failures="0" timestamp="2020-08-12T12:41:14 IST" time="46.566" errors="0">
  <testcase name="userLogin" time="27.024" classname="AdminLoginTest"/>
  <system-out>
User logged in successfully in admin site  </system-out>
  <testcase name="userLogin" time="7.999" classname="AdminLoginTest"/>
  <system-out>
User logged in successfully in admin site  </system-out>
  <testcase name="verifyMenuLinks" time="3.565" classname="AdminLoginTest"/>
  <system-out>
Menu links verified under frontend site  </system-out>
  <testcase name="verifyMenuLinks" time="3.319" classname="AdminLoginTest"/>
  <system-out>
Menu links verified under frontend site  </system-out>
  <testcase name="userLogout" time="2.000" classname="AdminLoginTest"/>
  <system-out>
User logged in successfully in admin site  </system-out>
  <testcase name="userLogout" time="2.659" classname="AdminLoginTest"/>
  <system-out>
User logged in successfully in admin site  </system-out>
</testsuite> <!-- AdminLoginTest -->
